<?xml version="1.0" encoding="UTF-8"?>
<!-- Generated by org.testng.reporters.JUnitReportReporter -->
<testsuite hostname="OMIT133" name="main.UserLogin" tests="1" failures="0" timestamp="27 Nov 2017 06:14:24 GMT" time="0.499" errors="0">
  <testcase name="login" time="0.499" classname="main.UserLogin"/>
</testsuite> <!-- main.UserLogin -->
