<?xml version="1.0" encoding="UTF-8"?>
<!-- Generated by org.testng.reporters.JUnitReportReporter -->
<testsuite hostname="OMIT133" name="main.Rlogin" tests="1" failures="0" timestamp="30 Nov 2017 06:14:00 GMT" time="0.458" errors="0">
  <testcase name="login" time="0.458" classname="main.Rlogin"/>
</testsuite> <!-- main.Rlogin -->
